<?xml version="1.0" encoding="UTF-8"?>
<!-- Generated by org.testng.reporters.JUnitReportReporter -->
<testsuite hostname="DESKTOP-6CE6M82" failures="0" tests="7" name="automation.LandingPageSecuredCommunication_page" time="21.783" errors="0" timestamp="2024-07-26T19:14:27 IST" skipped="0">
  <testcase classname="automation.LandingPageSecuredCommunication_page" name="goToSecuredCommunication_page" time="4.490"/>
  <system-out/>
  <testcase classname="automation.LandingPageSecuredCommunication_page" name="clickNextButtonOn_securedCommunication" time="3.051"/>
  <system-out/>
  <testcase classname="automation.LandingPageSecuredCommunication_page" name="launchApp" time="3.180"/>
  <system-out/>
  <testcase classname="automation.LandingPageSecuredCommunication_page" name="checkSecuredCommunication_title" time="0.117"/>
  <system-out/>
  <testcase classname="automation.LandingPageSecuredCommunication_page" name="checkSkipButton_onSecuredCommunication" time="4.263"/>
  <system-out/>
  <testcase classname="automation.LandingPageSecuredCommunication_page" name="checkSecuredPageSubtitle" time="2.156"/>
  <system-out/>
  <testcase classname="automation.LandingPageSecuredCommunication_page" name="swipeleftAndCheckSecuredCommunicationPage" time="4.526"/>
  <system-out/>
</testsuite> <!-- automation.LandingPageSecuredCommunication_page -->
