<?xml version="1.0" encoding="UTF-8"?>
<!-- Generated by org.testng.reporters.JUnitReportReporter -->
<testsuite hostname="DESKTOP-6CE6M82" failures="0" tests="2" name="automation.SignInWithoutMobile" time="21.998" errors="0" timestamp="2024-10-02T11:59:02 IST" skipped="0">
  <testcase classname="automation.SignInWithoutMobile" name="isLoginSuccess" time="13.697"/>
  <system-out/>
  <testcase classname="automation.SignInWithoutMobile" name="checkSignInwithoutMobile" time="8.301"/>
  <system-out/>
</testsuite> <!-- automation.SignInWithoutMobile -->
