<?xml version="1.0" encoding="UTF-8"?>
<!-- Generated by org.testng.reporters.JUnitReportReporter -->
<testsuite hostname="DESKTOP-6CE6M82" failures="0" tests="8" name="automation.LandingPageMultipleModules" time="14.694" errors="0" timestamp="2024-07-26T19:14:27 IST" skipped="0">
  <testcase classname="automation.LandingPageMultipleModules" name="app_open" time="5.162"/>
  <system-out/>
  <testcase classname="automation.LandingPageMultipleModules" name="click_next_button" time="1.360"/>
  <system-out/>
  <testcase classname="automation.LandingPageMultipleModules" name="CheckBackgroundImage" time="0.093"/>
  <system-out/>
  <testcase classname="automation.LandingPageMultipleModules" name="checkMultipleRoleTitle" time="0.096"/>
  <system-out/>
  <testcase classname="automation.LandingPageMultipleModules" name="CheckMultipleRolePage_Subtitle" time="0.087"/>
  <system-out/>
  <testcase classname="automation.LandingPageMultipleModules" name="clickNextButtonOn_MultipleRolePage" time="1.054"/>
  <system-out/>
  <testcase classname="automation.LandingPageMultipleModules" name="swipeLeftToMultiple_rope_page" time="2.559"/>
  <system-out/>
  <testcase classname="automation.LandingPageMultipleModules" name="skipButtonTest" time="4.283"/>
  <system-out/>
</testsuite> <!-- automation.LandingPageMultipleModules -->
