<?xml version="1.0" encoding="UTF-8"?>
<!-- Generated by org.testng.reporters.JUnitReportReporter -->
<testsuite hostname="DESKTOP-6CE6M82" failures="0" tests="3" name="automation.Message_tickMark" time="16.151" errors="0" timestamp="2025-03-20T20:18:01 IST" skipped="0">
  <testcase classname="automation.Message_tickMark" name="verifyDoubleTickWithOrange" time="0.458"/>
  <system-out/>
  <testcase classname="automation.Message_tickMark" name="verifyDoubleTick" time="0.369"/>
  <system-out/>
  <testcase classname="automation.Message_tickMark" name="verifySingleTickMark" time="15.324"/>
  <system-out/>
</testsuite> <!-- automation.Message_tickMark -->
