<?xml version="1.0" encoding="UTF-8"?>
<!-- Generated by org.testng.reporters.JUnitReportReporter -->
<testsuite hostname="DESKTOP-6CE6M82" failures="0" tests="7" name="automation.LandingPageTestsHierarchy" time="15.441" errors="0" timestamp="2024-07-26T19:14:27 IST" skipped="0">
  <testcase classname="automation.LandingPageTestsHierarchy" name="app_open" time="5.173"/>
  <system-out/>
  <testcase classname="automation.LandingPageTestsHierarchy" name="checkBackgroundImage" time="0.522"/>
  <system-out/>
  <testcase classname="automation.LandingPageTestsHierarchy" name="hierarchy_tab" time="0.060"/>
  <system-out/>
  <testcase classname="automation.LandingPageTestsHierarchy" name="checkHiearchy_page_content" time="0.105"/>
  <system-out/>
  <testcase classname="automation.LandingPageTestsHierarchy" name="nextButton_clickableOrNot" time="3.010"/>
  <system-out/>
  <testcase classname="automation.LandingPageTestsHierarchy" name="SwipeleftToHierarchyPage" time="2.335"/>
  <system-out/>
  <testcase classname="automation.LandingPageTestsHierarchy" name="skip_button_click_test" time="4.236"/>
  <system-out/>
</testsuite> <!-- automation.LandingPageTestsHierarchy -->
