<?xml version="1.0" encoding="UTF-8"?>
<!-- Generated by org.testng.reporters.JUnitReportReporter -->
<testsuite hostname="DESKTOP-6CE6M82" failures="0" tests="7" name="automation.LandingPageTests" time="13.347" errors="0" timestamp="2024-07-22T19:04:58 IST" skipped="0">
  <testcase classname="automation.LandingPageTests" name="app_open" time="5.165"/>
  <system-out/>
  <testcase classname="automation.LandingPageTests" name="checkBackgroundImage" time="0.435"/>
  <system-out/>
  <testcase classname="automation.LandingPageTests" name="hierarchy_tab" time="0.061"/>
  <system-out/>
  <testcase classname="automation.LandingPageTests" name="checkHiearchy_page_content" time="0.100"/>
  <system-out/>
  <testcase classname="automation.LandingPageTests" name="nextButton_clickableOrNot" time="0.947"/>
  <system-out/>
  <testcase classname="automation.LandingPageTests" name="SwipeleftToHierarchyPage" time="2.419"/>
  <system-out/>
  <testcase classname="automation.LandingPageTests" name="skip_button_click_test" time="4.220"/>
  <system-out/>
</testsuite> <!-- automation.LandingPageTests -->
