<?xml version="1.0" encoding="UTF-8"?>
<!-- Generated by org.testng.reporters.JUnitReportReporter -->
<testsuite hostname="DESKTOP-6CE6M82" failures="0" tests="6" name="automation.LandingPageNotificationAndTimeTable" time="14.738" errors="0" timestamp="2024-08-04T11:45:12 IST" skipped="0">
  <testcase classname="automation.LandingPageNotificationAndTimeTable" name="launchapp" time="5.270"/>
  <system-out/>
  <testcase classname="automation.LandingPageNotificationAndTimeTable" name="checkNotificationAndTimeTable_title" time="3.621"/>
  <system-out/>
  <testcase classname="automation.LandingPageNotificationAndTimeTable" name="clickStartButton_AndSignUpPage" time="2.233"/>
  <system-out/>
  <testcase classname="automation.LandingPageNotificationAndTimeTable" name="checkNotificationAndTimeTable_subtitle" time="0.229"/>
  <system-out/>
  <testcase classname="automation.LandingPageNotificationAndTimeTable" name="swipeLeftToSecureCommunicationPage" time="3.306"/>
  <system-out/>
  <testcase classname="automation.LandingPageNotificationAndTimeTable" name="checkStartButtonText" time="0.079"/>
  <system-out/>
</testsuite> <!-- automation.LandingPageNotificationAndTimeTable -->
